Release 14.7 - xst P.20131013 (nt64)
Copyright (c) 1995-2013 Xilinx, Inc.  All rights reserved.
--> Parameter TMPDIR set to xst/projnav.tmp


Total REAL time to Xst completion: 0.00 secs
Total CPU time to Xst completion: 0.10 secs
 
--> Parameter xsthdpdir set to xst


Total REAL time to Xst completion: 0.00 secs
Total CPU time to Xst completion: 0.10 secs
 
--> Reading design: main.prj

TABLE OF CONTENTS
  1) Synthesis Options Summary
  2) HDL Compilation
  3) Design Hierarchy Analysis
  4) HDL Analysis
  5) HDL Synthesis
     5.1) HDL Synthesis Report
  6) Advanced HDL Synthesis
     6.1) Advanced HDL Synthesis Report
  7) Low Level Synthesis
  8) Partition Report
  9) Final Report
	9.1) Device utilization summary
	9.2) Partition Resource Summary
	9.3) TIMING REPORT


=========================================================================
*                      Synthesis Options Summary                        *
=========================================================================
---- Source Parameters
Input File Name                    : "main.prj"
Input Format                       : mixed
Ignore Synthesis Constraint File   : NO

---- Target Parameters
Output File Name                   : "main"
Output Format                      : NGC
Target Device                      : xc3s100e-5-cp132

---- Source Options
Top Module Name                    : main
Automatic FSM Extraction           : YES
FSM Encoding Algorithm             : Auto
Safe Implementation                : No
FSM Style                          : LUT
RAM Extraction                     : Yes
RAM Style                          : Auto
ROM Extraction                     : Yes
Mux Style                          : Auto
Decoder Extraction                 : YES
Priority Encoder Extraction        : Yes
Shift Register Extraction          : YES
Logical Shifter Extraction         : YES
XOR Collapsing                     : YES
ROM Style                          : Auto
Mux Extraction                     : Yes
Resource Sharing                   : YES
Asynchronous To Synchronous        : NO
Multiplier Style                   : Auto
Automatic Register Balancing       : No

---- Target Options
Add IO Buffers                     : YES
Global Maximum Fanout              : 100000
Add Generic Clock Buffer(BUFG)     : 24
Register Duplication               : YES
Slice Packing                      : YES
Optimize Instantiated Primitives   : NO
Use Clock Enable                   : Yes
Use Synchronous Set                : Yes
Use Synchronous Reset              : Yes
Pack IO Registers into IOBs        : Auto
Equivalent register Removal        : YES

---- General Options
Optimization Goal                  : Speed
Optimization Effort                : 1
Keep Hierarchy                     : No
Netlist Hierarchy                  : As_Optimized
RTL Output                         : Yes
Global Optimization                : AllClockNets
Read Cores                         : YES
Write Timing Constraints           : NO
Cross Clock Analysis               : NO
Hierarchy Separator                : /
Bus Delimiter                      : <>
Case Specifier                     : Maintain
Slice Utilization Ratio            : 100
BRAM Utilization Ratio             : 100
Verilog 2001                       : YES
Auto BRAM Packing                  : NO
Slice Utilization Ratio Delta      : 5

=========================================================================


=========================================================================
*                          HDL Compilation                              *
=========================================================================
Compiling verilog file "SWMaze.v" in library work
Compiling verilog file "StartCastle.v" in library work
Module <SWMaze> compiled
Compiling verilog file "SCenterMaze.v" in library work
Module <StartCastle> compiled
Compiling verilog file "NCenterMaze.v" in library work
Module <SCenterMaze> compiled
Compiling verilog file "HallwayTop.v" in library work
Module <NCenterMaze> compiled
Compiling verilog file "HallwayLeft.v" in library work
Module <HallwayTop> compiled
Compiling verilog file "ECenterMaze.v" in library work
Module <HallwayLeft> compiled
Compiling verilog file "clock_shift.v" in library work
Module <ECenter> compiled
Compiling verilog file "clock_divider.v" in library work
Module <clock_shift> compiled
Compiling verilog file "CenterMaze.v" in library work
Module <clock_divider> compiled
Compiling verilog file "Castle.v" in library work
Module <CenterMaze> compiled
Compiling verilog file "vga_driver.v" in library work
Module <Castle> compiled
Compiling verilog file "map.v" in library work
Module <vga_driver> compiled
Compiling verilog file "main.v" in library work
Module <map_generator> compiled
Module <main> compiled
No errors in compilation
Analysis of file <"main.prj"> succeeded.
 

=========================================================================
*                     Design Hierarchy Analysis                         *
=========================================================================
Analyzing hierarchy for module <main> in library <work> with parameters.
	swordMapX = "00000000000000000000000000000001"
	swordMapY = "00000000000000000000000000000100"

Analyzing hierarchy for module <vga_driver> in library <work> with parameters.
	HBackPorch = "00000000000000000000000000110000"
	HDisplayArea = "00000000000000000000001010000000"
	HFrontPorch = "00000000000000000000000000010000"
	HLimit = "00000000000000000000001100100000"
	HSyncWidth = "00000000000000000000000001100000"
	VBackPorch = "00000000000000000000000000100001"
	VDisplayArea = "00000000000000000000000111100000"
	VFrontPorch = "00000000000000000000000000001010"
	VLimit = "00000000000000000000001000001101"
	VSyncWidth = "00000000000000000000000000000010"

Analyzing hierarchy for module <map_generator> in library <work>.

Analyzing hierarchy for module <clock_divider> in library <work>.

Analyzing hierarchy for module <clock_shift> in library <work>.

Analyzing hierarchy for module <StartCastle> in library <work>.

Analyzing hierarchy for module <HallwayTop> in library <work>.

Analyzing hierarchy for module <HallwayLeft> in library <work>.

Analyzing hierarchy for module <Castle> in library <work>.

Analyzing hierarchy for module <CenterMaze> in library <work>.

Analyzing hierarchy for module <ECenter> in library <work>.

Analyzing hierarchy for module <NCenterMaze> in library <work>.

Analyzing hierarchy for module <SCenterMaze> in library <work>.

Analyzing hierarchy for module <SWMaze> in library <work>.


=========================================================================
*                            HDL Analysis                               *
=========================================================================
Analyzing top module <main>.
	swordMapX = 32'sb00000000000000000000000000000001
	swordMapY = 32'sb00000000000000000000000000000100
Module <main> is correct for synthesis.
 
Analyzing module <vga_driver> in library <work>.
	HBackPorch = 32'sb00000000000000000000000000110000
	HDisplayArea = 32'sb00000000000000000000001010000000
	HFrontPorch = 32'sb00000000000000000000000000010000
	HLimit = 32'sb00000000000000000000001100100000
	HSyncWidth = 32'sb00000000000000000000000001100000
	VBackPorch = 32'sb00000000000000000000000000100001
	VDisplayArea = 32'sb00000000000000000000000111100000
	VFrontPorch = 32'sb00000000000000000000000000001010
	VLimit = 32'sb00000000000000000000001000001101
	VSyncWidth = 32'sb00000000000000000000000000000010
Module <vga_driver> is correct for synthesis.
 
Analyzing module <clock_divider> in library <work>.
Module <clock_divider> is correct for synthesis.
 
Analyzing module <clock_shift> in library <work>.
Module <clock_shift> is correct for synthesis.
 
Analyzing module <map_generator> in library <work>.
Module <map_generator> is correct for synthesis.
 
Analyzing module <StartCastle> in library <work>.
Module <StartCastle> is correct for synthesis.
 
Analyzing module <HallwayTop> in library <work>.
Module <HallwayTop> is correct for synthesis.
 
Analyzing module <HallwayLeft> in library <work>.
Module <HallwayLeft> is correct for synthesis.
 
Analyzing module <Castle> in library <work>.
Module <Castle> is correct for synthesis.
 
Analyzing module <CenterMaze> in library <work>.
Module <CenterMaze> is correct for synthesis.
 
Analyzing module <ECenter> in library <work>.
Module <ECenter> is correct for synthesis.
 
Analyzing module <NCenterMaze> in library <work>.
Module <NCenterMaze> is correct for synthesis.
 
Analyzing module <SCenterMaze> in library <work>.
Module <SCenterMaze> is correct for synthesis.
 
Analyzing module <SWMaze> in library <work>.
Module <SWMaze> is correct for synthesis.
 

=========================================================================
*                           HDL Synthesis                               *
=========================================================================

Performing bidirectional port resolution...

Synthesizing Unit <clock_divider>.
    Related source file is "clock_divider.v".
    Found 1-bit register for signal <clk_out>.
    Summary:
	inferred   1 D-type flip-flop(s).
Unit <clock_divider> synthesized.


Synthesizing Unit <clock_shift>.
    Related source file is "clock_shift.v".
Unit <clock_shift> synthesized.


Synthesizing Unit <StartCastle>.
    Related source file is "StartCastle.v".
    Found 8-bit register for signal <mColor>.
    Found 9-bit comparator greatequal for signal <mColor$cmp_ge0000> created at line 43.
    Found 10-bit comparator greatequal for signal <mColor$cmp_ge0001> created at line 43.
    Found 9-bit comparator less for signal <mColor$cmp_lt0000> created at line 34.
    Found 10-bit comparator less for signal <mColor$cmp_lt0001> created at line 37.
    Found 10-bit comparator less for signal <mColor$cmp_lt0002> created at line 40.
    Found 10-bit comparator less for signal <mColor$cmp_lt0003> created at line 43.
    Summary:
	inferred   8 D-type flip-flop(s).
	inferred   6 Comparator(s).
Unit <StartCastle> synthesized.


Synthesizing Unit <HallwayTop>.
    Related source file is "HallwayTop.v".
    Found 8-bit register for signal <mColor>.
    Found 10-bit comparator greatequal for signal <mColor$cmp_ge0000> created at line 40.
    Found 10-bit comparator greater for signal <mColor$cmp_gt0000> created at line 37.
    Found 9-bit comparator less for signal <mColor$cmp_lt0000> created at line 34.
    Found 9-bit comparator less for signal <mColor$cmp_lt0001> created at line 40.
    Found 10-bit comparator less for signal <mColor$cmp_lt0002> created at line 40.
    Summary:
	inferred   8 D-type flip-flop(s).
	inferred   5 Comparator(s).
Unit <HallwayTop> synthesized.


Synthesizing Unit <HallwayLeft>.
    Related source file is "HallwayLeft.v".
    Found 8-bit register for signal <mColor>.
    Found 10-bit comparator greatequal for signal <mColor$cmp_ge0000> created at line 35.
    Found 9-bit comparator less for signal <mColor$cmp_lt0000> created at line 35.
    Found 10-bit comparator less for signal <mColor$cmp_lt0001> created at line 35.
    Found 10-bit comparator less for signal <mColor$cmp_lt0002> created at line 39.
    Found 9-bit comparator less for signal <mColor$cmp_lt0003> created at line 42.
    Summary:
	inferred   8 D-type flip-flop(s).
	inferred   5 Comparator(s).
Unit <HallwayLeft> synthesized.


Synthesizing Unit <Castle>.
    Related source file is "Castle.v".
    Found 8-bit register for signal <mColor>.
    Found 10-bit comparator greatequal for signal <mColor$cmp_ge0000> created at line 21.
    Found 9-bit comparator greatequal for signal <mColor$cmp_ge0001> created at line 25.
    Found 10-bit comparator greatequal for signal <mColor$cmp_ge0002> created at line 25.
    Found 10-bit comparator greatequal for signal <mColor$cmp_ge0003> created at line 29.
    Found 10-bit comparator greatequal for signal <mColor$cmp_ge0004> created at line 33.
    Found 10-bit comparator greatequal for signal <mColor$cmp_ge0005> created at line 38.
    Found 9-bit comparator greatequal for signal <mColor$cmp_ge0006> created at line 38.
    Found 10-bit comparator greatequal for signal <mColor$cmp_ge0007> created at line 43.
    Found 10-bit comparator greatequal for signal <mColor$cmp_ge0008> created at line 48.
    Found 10-bit comparator greatequal for signal <mColor$cmp_ge0009> created at line 53.
    Found 10-bit comparator greatequal for signal <mColor$cmp_ge0010> created at line 58.
    Found 10-bit comparator greatequal for signal <mColor$cmp_ge0011> created at line 63.
    Found 10-bit comparator greatequal for signal <mColor$cmp_ge0012> created at line 68.
    Found 9-bit comparator greatequal for signal <mColor$cmp_ge0013> created at line 68.
    Found 10-bit comparator greatequal for signal <mColor$cmp_ge0014> created at line 73.
    Found 10-bit comparator greatequal for signal <mColor$cmp_ge0015> created at line 78.
    Found 10-bit comparator greatequal for signal <mColor$cmp_ge0016> created at line 83.
    Found 10-bit comparator greatequal for signal <mColor$cmp_ge0017> created at line 93.
    Found 10-bit comparator greatequal for signal <mColor$cmp_ge0018> created at line 98.
    Found 10-bit comparator greatequal for signal <mColor$cmp_ge0019> created at line 103.
    Found 10-bit comparator greatequal for signal <mColor$cmp_ge0020> created at line 108.
    Found 10-bit comparator greatequal for signal <mColor$cmp_ge0021> created at line 113.
    Found 10-bit comparator lessequal for signal <mColor$cmp_le0000> created at line 17.
    Found 10-bit comparator lessequal for signal <mColor$cmp_le0001> created at line 25.
    Found 9-bit comparator lessequal for signal <mColor$cmp_le0002> created at line 29.
    Found 10-bit comparator lessequal for signal <mColor$cmp_le0003> created at line 29.
    Found 10-bit comparator lessequal for signal <mColor$cmp_le0004> created at line 33.
    Found 9-bit comparator lessequal for signal <mColor$cmp_le0005> created at line 33.
    Found 10-bit comparator lessequal for signal <mColor$cmp_le0006> created at line 38.
    Found 10-bit comparator lessequal for signal <mColor$cmp_le0007> created at line 43.
    Found 9-bit comparator lessequal for signal <mColor$cmp_le0008> created at line 43.
    Found 10-bit comparator lessequal for signal <mColor$cmp_le0009> created at line 48.
    Found 10-bit comparator lessequal for signal <mColor$cmp_le0010> created at line 53.
    Found 10-bit comparator lessequal for signal <mColor$cmp_le0011> created at line 58.
    Found 10-bit comparator lessequal for signal <mColor$cmp_le0012> created at line 63.
    Found 10-bit comparator lessequal for signal <mColor$cmp_le0013> created at line 68.
    Found 10-bit comparator lessequal for signal <mColor$cmp_le0014> created at line 73.
    Found 9-bit comparator lessequal for signal <mColor$cmp_le0015> created at line 73.
    Found 10-bit comparator lessequal for signal <mColor$cmp_le0016> created at line 78.
    Found 10-bit comparator lessequal for signal <mColor$cmp_le0017> created at line 83.
    Found 10-bit comparator lessequal for signal <mColor$cmp_le0018> created at line 88.
    Found 10-bit comparator lessequal for signal <mColor$cmp_le0019> created at line 93.
    Found 10-bit comparator lessequal for signal <mColor$cmp_le0020> created at line 98.
    Found 10-bit comparator lessequal for signal <mColor$cmp_le0021> created at line 103.
    Found 10-bit comparator lessequal for signal <mColor$cmp_le0022> created at line 108.
    Found 10-bit comparator lessequal for signal <mColor$cmp_le0023> created at line 113.
    Summary:
	inferred   8 D-type flip-flop(s).
	inferred  46 Comparator(s).
Unit <Castle> synthesized.


Synthesizing Unit <CenterMaze>.
    Related source file is "CenterMaze.v".
    Found 8-bit register for signal <mColor>.
    Found 9-bit comparator greatequal for signal <mColor$cmp_ge0000> created at line 17.
    Found 9-bit comparator greatequal for signal <mColor$cmp_ge0001> created at line 17.
    Found 9-bit comparator greatequal for signal <mColor$cmp_ge0002> created at line 17.
    Found 10-bit comparator greatequal for signal <mColor$cmp_ge0003> created at line 25.
    Found 10-bit comparator greatequal for signal <mColor$cmp_ge0004> created at line 31.
    Found 10-bit comparator greatequal for signal <mColor$cmp_ge0005> created at line 37.
    Found 10-bit comparator greatequal for signal <mColor$cmp_ge0006> created at line 42.
    Found 10-bit comparator greatequal for signal <mColor$cmp_ge0007> created at line 48.
    Found 10-bit comparator greatequal for signal <mColor$cmp_ge0008> created at line 53.
    Found 10-bit comparator greatequal for signal <mColor$cmp_ge0009> created at line 57.
    Found 10-bit comparator greatequal for signal <mColor$cmp_ge0010> created at line 62.
    Found 10-bit comparator greatequal for signal <mColor$cmp_ge0011> created at line 67.
    Found 10-bit comparator greatequal for signal <mColor$cmp_ge0012> created at line 71.
    Found 10-bit comparator greatequal for signal <mColor$cmp_ge0013> created at line 76.
    Found 10-bit comparator greatequal for signal <mColor$cmp_ge0014> created at line 82.
    Found 10-bit comparator greatequal for signal <mColor$cmp_ge0015> created at line 87.
    Found 10-bit comparator greatequal for signal <mColor$cmp_ge0016> created at line 93.
    Found 10-bit comparator greatequal for signal <mColor$cmp_ge0017> created at line 99.
    Found 10-bit comparator lessequal for signal <mColor$cmp_le0000> created at line 17.
    Found 9-bit comparator lessequal for signal <mColor$cmp_le0001> created at line 17.
    Found 9-bit comparator lessequal for signal <mColor$cmp_le0002> created at line 17.
    Found 9-bit comparator lessequal for signal <mColor$cmp_le0003> created at line 17.
    Found 10-bit comparator lessequal for signal <mColor$cmp_le0004> created at line 25.
    Found 10-bit comparator lessequal for signal <mColor$cmp_le0005> created at line 31.
    Found 10-bit comparator lessequal for signal <mColor$cmp_le0006> created at line 37.
    Found 10-bit comparator lessequal for signal <mColor$cmp_le0007> created at line 42.
    Found 10-bit comparator lessequal for signal <mColor$cmp_le0008> created at line 48.
    Found 10-bit comparator lessequal for signal <mColor$cmp_le0009> created at line 53.
    Found 10-bit comparator lessequal for signal <mColor$cmp_le0010> created at line 57.
    Found 10-bit comparator lessequal for signal <mColor$cmp_le0011> created at line 62.
    Found 10-bit comparator lessequal for signal <mColor$cmp_le0012> created at line 67.
    Found 10-bit comparator lessequal for signal <mColor$cmp_le0013> created at line 71.
    Found 10-bit comparator lessequal for signal <mColor$cmp_le0014> created at line 76.
    Found 10-bit comparator lessequal for signal <mColor$cmp_le0015> created at line 82.
    Found 10-bit comparator lessequal for signal <mColor$cmp_le0016> created at line 87.
    Found 10-bit comparator lessequal for signal <mColor$cmp_le0017> created at line 93.
    Found 10-bit comparator lessequal for signal <mColor$cmp_le0018> created at line 99.
    Summary:
	inferred   8 D-type flip-flop(s).
	inferred  37 Comparator(s).
Unit <CenterMaze> synthesized.


Synthesizing Unit <ECenter>.
    Related source file is "ECenterMaze.v".
    Found 8-bit register for signal <mColor>.
    Found 9-bit comparator greatequal for signal <mColor$cmp_ge0000> created at line 17.
    Found 9-bit comparator greatequal for signal <mColor$cmp_ge0001> created at line 17.
    Found 9-bit comparator greatequal for signal <mColor$cmp_ge0002> created at line 17.
    Found 10-bit comparator greatequal for signal <mColor$cmp_ge0003> created at line 25.
    Found 10-bit comparator greatequal for signal <mColor$cmp_ge0004> created at line 32.
    Found 10-bit comparator greatequal for signal <mColor$cmp_ge0005> created at line 38.
    Found 10-bit comparator greatequal for signal <mColor$cmp_ge0006> created at line 43.
    Found 10-bit comparator greatequal for signal <mColor$cmp_ge0007> created at line 49.
    Found 10-bit comparator greatequal for signal <mColor$cmp_ge0008> created at line 55.
    Found 10-bit comparator greatequal for signal <mColor$cmp_ge0009> created at line 61.
    Found 10-bit comparator greatequal for signal <mColor$cmp_ge0010> created at line 67.
    Found 10-bit comparator greatequal for signal <mColor$cmp_ge0011> created at line 74.
    Found 10-bit comparator greatequal for signal <mColor$cmp_ge0012> created at line 80.
    Found 10-bit comparator greatequal for signal <mColor$cmp_ge0013> created at line 86.
    Found 10-bit comparator greatequal for signal <mColor$cmp_ge0014> created at line 92.
    Found 10-bit comparator greatequal for signal <mColor$cmp_ge0015> created at line 98.
    Found 10-bit comparator greatequal for signal <mColor$cmp_ge0016> created at line 103.
    Found 10-bit comparator greatequal for signal <mColor$cmp_ge0017> created at line 109.
    Found 10-bit comparator greatequal for signal <mColor$cmp_ge0018> created at line 116.
    Found 10-bit comparator lessequal for signal <mColor$cmp_le0000> created at line 17.
    Found 9-bit comparator lessequal for signal <mColor$cmp_le0001> created at line 17.
    Found 9-bit comparator lessequal for signal <mColor$cmp_le0002> created at line 17.
    Found 9-bit comparator lessequal for signal <mColor$cmp_le0003> created at line 17.
    Found 10-bit comparator lessequal for signal <mColor$cmp_le0004> created at line 25.
    Found 10-bit comparator lessequal for signal <mColor$cmp_le0005> created at line 32.
    Found 10-bit comparator lessequal for signal <mColor$cmp_le0006> created at line 38.
    Found 10-bit comparator lessequal for signal <mColor$cmp_le0007> created at line 43.
    Found 10-bit comparator lessequal for signal <mColor$cmp_le0008> created at line 49.
    Found 9-bit comparator lessequal for signal <mColor$cmp_le0009> created at line 49.
    Found 10-bit comparator lessequal for signal <mColor$cmp_le0010> created at line 55.
    Found 10-bit comparator lessequal for signal <mColor$cmp_le0011> created at line 61.
    Found 10-bit comparator lessequal for signal <mColor$cmp_le0012> created at line 67.
    Found 10-bit comparator lessequal for signal <mColor$cmp_le0013> created at line 74.
    Found 10-bit comparator lessequal for signal <mColor$cmp_le0014> created at line 80.
    Found 10-bit comparator lessequal for signal <mColor$cmp_le0015> created at line 86.
    Found 10-bit comparator lessequal for signal <mColor$cmp_le0016> created at line 92.
    Found 10-bit comparator lessequal for signal <mColor$cmp_le0017> created at line 98.
    Found 10-bit comparator lessequal for signal <mColor$cmp_le0018> created at line 103.
    Found 10-bit comparator lessequal for signal <mColor$cmp_le0019> created at line 109.
    Found 10-bit comparator lessequal for signal <mColor$cmp_le0020> created at line 116.
    Summary:
	inferred   8 D-type flip-flop(s).
	inferred  40 Comparator(s).
Unit <ECenter> synthesized.


Synthesizing Unit <NCenterMaze>.
    Related source file is "NCenterMaze.v".
    Found 8-bit register for signal <mColor>.
    Found 9-bit comparator greatequal for signal <mColor$cmp_ge0000> created at line 17.
    Found 9-bit comparator greatequal for signal <mColor$cmp_ge0001> created at line 17.
    Found 10-bit comparator greatequal for signal <mColor$cmp_ge0002> created at line 24.
    Found 9-bit comparator greatequal for signal <mColor$cmp_ge0003> created at line 24.
    Found 10-bit comparator greatequal for signal <mColor$cmp_ge0004> created at line 30.
    Found 10-bit comparator greatequal for signal <mColor$cmp_ge0005> created at line 36.
    Found 10-bit comparator greatequal for signal <mColor$cmp_ge0006> created at line 41.
    Found 10-bit comparator greatequal for signal <mColor$cmp_ge0007> created at line 48.
    Found 10-bit comparator greatequal for signal <mColor$cmp_ge0008> created at line 55.
    Found 10-bit comparator greatequal for signal <mColor$cmp_ge0009> created at line 61.
    Found 10-bit comparator greatequal for signal <mColor$cmp_ge0010> created at line 67.
    Found 10-bit comparator greatequal for signal <mColor$cmp_ge0011> created at line 74.
    Found 10-bit comparator greatequal for signal <mColor$cmp_ge0012> created at line 81.
    Found 10-bit comparator greatequal for signal <mColor$cmp_ge0013> created at line 86.
    Found 10-bit comparator greatequal for signal <mColor$cmp_ge0014> created at line 92.
    Found 10-bit comparator greatequal for signal <mColor$cmp_ge0015> created at line 98.
    Found 10-bit comparator lessequal for signal <mColor$cmp_le0000> created at line 17.
    Found 9-bit comparator lessequal for signal <mColor$cmp_le0001> created at line 17.
    Found 9-bit comparator lessequal for signal <mColor$cmp_le0002> created at line 17.
    Found 10-bit comparator lessequal for signal <mColor$cmp_le0003> created at line 24.
    Found 10-bit comparator lessequal for signal <mColor$cmp_le0004> created at line 30.
    Found 10-bit comparator lessequal for signal <mColor$cmp_le0005> created at line 36.
    Found 10-bit comparator lessequal for signal <mColor$cmp_le0006> created at line 41.
    Found 10-bit comparator lessequal for signal <mColor$cmp_le0007> created at line 48.
    Found 9-bit comparator lessequal for signal <mColor$cmp_le0008> created at line 48.
    Found 10-bit comparator lessequal for signal <mColor$cmp_le0009> created at line 55.
    Found 10-bit comparator lessequal for signal <mColor$cmp_le0010> created at line 61.
    Found 10-bit comparator lessequal for signal <mColor$cmp_le0011> created at line 67.
    Found 10-bit comparator lessequal for signal <mColor$cmp_le0012> created at line 74.
    Found 10-bit comparator lessequal for signal <mColor$cmp_le0013> created at line 81.
    Found 10-bit comparator lessequal for signal <mColor$cmp_le0014> created at line 86.
    Found 10-bit comparator lessequal for signal <mColor$cmp_le0015> created at line 92.
    Found 10-bit comparator lessequal for signal <mColor$cmp_le0016> created at line 98.
    Summary:
	inferred   8 D-type flip-flop(s).
	inferred  33 Comparator(s).
Unit <NCenterMaze> synthesized.


Synthesizing Unit <SCenterMaze>.
    Related source file is "SCenterMaze.v".
    Found 8-bit register for signal <mColor>.
    Found 9-bit comparator greatequal for signal <mColor$cmp_ge0000> created at line 17.
    Found 9-bit comparator greatequal for signal <mColor$cmp_ge0001> created at line 17.
    Found 10-bit comparator greatequal for signal <mColor$cmp_ge0002> created at line 24.
    Found 9-bit comparator greatequal for signal <mColor$cmp_ge0003> created at line 24.
    Found 10-bit comparator greatequal for signal <mColor$cmp_ge0004> created at line 31.
    Found 9-bit comparator greatequal for signal <mColor$cmp_ge0005> created at line 31.
    Found 10-bit comparator greatequal for signal <mColor$cmp_ge0006> created at line 37.
    Found 10-bit comparator greatequal for signal <mColor$cmp_ge0007> created at line 43.
    Found 10-bit comparator greatequal for signal <mColor$cmp_ge0008> created at line 50.
    Found 10-bit comparator greatequal for signal <mColor$cmp_ge0009> created at line 56.
    Found 10-bit comparator greatequal for signal <mColor$cmp_ge0010> created at line 62.
    Found 10-bit comparator greatequal for signal <mColor$cmp_ge0011> created at line 67.
    Found 10-bit comparator greatequal for signal <mColor$cmp_ge0012> created at line 73.
    Found 10-bit comparator greatequal for signal <mColor$cmp_ge0013> created at line 79.
    Found 10-bit comparator greatequal for signal <mColor$cmp_ge0014> created at line 86.
    Found 10-bit comparator greatequal for signal <mColor$cmp_ge0015> created at line 92.
    Found 10-bit comparator greatequal for signal <mColor$cmp_ge0016> created at line 98.
    Found 10-bit comparator greatequal for signal <mColor$cmp_ge0017> created at line 105.
    Found 10-bit comparator lessequal for signal <mColor$cmp_le0000> created at line 17.
    Found 9-bit comparator lessequal for signal <mColor$cmp_le0001> created at line 17.
    Found 9-bit comparator lessequal for signal <mColor$cmp_le0002> created at line 17.
    Found 10-bit comparator lessequal for signal <mColor$cmp_le0003> created at line 24.
    Found 10-bit comparator lessequal for signal <mColor$cmp_le0004> created at line 31.
    Found 9-bit comparator lessequal for signal <mColor$cmp_le0005> created at line 31.
    Found 10-bit comparator lessequal for signal <mColor$cmp_le0006> created at line 37.
    Found 10-bit comparator lessequal for signal <mColor$cmp_le0007> created at line 43.
    Found 10-bit comparator lessequal for signal <mColor$cmp_le0008> created at line 50.
    Found 10-bit comparator lessequal for signal <mColor$cmp_le0009> created at line 56.
    Found 10-bit comparator lessequal for signal <mColor$cmp_le0010> created at line 62.
    Found 10-bit comparator lessequal for signal <mColor$cmp_le0011> created at line 67.
    Found 10-bit comparator lessequal for signal <mColor$cmp_le0012> created at line 73.
    Found 10-bit comparator lessequal for signal <mColor$cmp_le0013> created at line 79.
    Found 10-bit comparator lessequal for signal <mColor$cmp_le0014> created at line 86.
    Found 10-bit comparator lessequal for signal <mColor$cmp_le0015> created at line 92.
    Found 10-bit comparator lessequal for signal <mColor$cmp_le0016> created at line 98.
    Found 10-bit comparator lessequal for signal <mColor$cmp_le0017> created at line 105.
    Summary:
	inferred   8 D-type flip-flop(s).
	inferred  36 Comparator(s).
Unit <SCenterMaze> synthesized.


Synthesizing Unit <SWMaze>.
    Related source file is "SWMaze.v".
    Found 8-bit register for signal <mColor>.
    Found 9-bit comparator greatequal for signal <mColor$cmp_ge0000> created at line 21.
    Found 9-bit comparator greatequal for signal <mColor$cmp_ge0001> created at line 21.
    Found 10-bit comparator greatequal for signal <mColor$cmp_ge0002> created at line 27.
    Found 10-bit comparator greatequal for signal <mColor$cmp_ge0003> created at line 33.
    Found 9-bit comparator greatequal for signal <mColor$cmp_ge0004> created at line 33.
    Found 10-bit comparator greatequal for signal <mColor$cmp_ge0005> created at line 39.
    Found 10-bit comparator greatequal for signal <mColor$cmp_ge0006> created at line 45.
    Found 9-bit comparator greatequal for signal <mColor$cmp_ge0007> created at line 45.
    Found 10-bit comparator greatequal for signal <mColor$cmp_ge0008> created at line 51.
    Found 10-bit comparator greatequal for signal <mColor$cmp_ge0009> created at line 57.
    Found 10-bit comparator greatequal for signal <mColor$cmp_ge0010> created at line 63.
    Found 10-bit comparator greatequal for signal <mColor$cmp_ge0011> created at line 68.
    Found 10-bit comparator greatequal for signal <mColor$cmp_ge0012> created at line 73.
    Found 10-bit comparator greatequal for signal <mColor$cmp_ge0013> created at line 78.
    Found 10-bit comparator greatequal for signal <mColor$cmp_ge0014> created at line 84.
    Found 10-bit comparator greatequal for signal <mColor$cmp_ge0015> created at line 90.
    Found 10-bit comparator greatequal for signal <mColor$cmp_ge0016> created at line 96.
    Found 10-bit comparator greatequal for signal <mColor$cmp_ge0017> created at line 102.
    Found 10-bit comparator greatequal for signal <mColor$cmp_ge0018> created at line 108.
    Found 10-bit comparator greatequal for signal <mColor$cmp_ge0019> created at line 114.
    Found 10-bit comparator lessequal for signal <mColor$cmp_le0000> created at line 21.
    Found 9-bit comparator lessequal for signal <mColor$cmp_le0001> created at line 21.
    Found 10-bit comparator lessequal for signal <mColor$cmp_le0002> created at line 27.
    Found 9-bit comparator lessequal for signal <mColor$cmp_le0003> created at line 27.
    Found 10-bit comparator lessequal for signal <mColor$cmp_le0004> created at line 33.
    Found 10-bit comparator lessequal for signal <mColor$cmp_le0005> created at line 39.
    Found 10-bit comparator lessequal for signal <mColor$cmp_le0006> created at line 45.
    Found 10-bit comparator lessequal for signal <mColor$cmp_le0007> created at line 51.
    Found 10-bit comparator lessequal for signal <mColor$cmp_le0008> created at line 57.
    Found 10-bit comparator lessequal for signal <mColor$cmp_le0009> created at line 63.
    Found 10-bit comparator lessequal for signal <mColor$cmp_le0010> created at line 68.
    Found 10-bit comparator lessequal for signal <mColor$cmp_le0011> created at line 73.
    Found 10-bit comparator lessequal for signal <mColor$cmp_le0012> created at line 78.
    Found 10-bit comparator lessequal for signal <mColor$cmp_le0013> created at line 84.
    Found 10-bit comparator lessequal for signal <mColor$cmp_le0014> created at line 90.
    Found 10-bit comparator lessequal for signal <mColor$cmp_le0015> created at line 96.
    Found 10-bit comparator lessequal for signal <mColor$cmp_le0016> created at line 102.
    Found 10-bit comparator lessequal for signal <mColor$cmp_le0017> created at line 108.
    Found 10-bit comparator lessequal for signal <mColor$cmp_le0018> created at line 114.
    Found 9-bit comparator less for signal <mColor$cmp_lt0000> created at line 17.
    Summary:
	inferred   8 D-type flip-flop(s).
	inferred  40 Comparator(s).
Unit <SWMaze> synthesized.


Synthesizing Unit <vga_driver>.
    Related source file is "vga_driver.v".
    Found 1-bit register for signal <Blank>.
    Found 10-bit up counter for signal <CurHPos>.
    Found 10-bit comparator greatequal for signal <CurHPos$cmp_ge0000> created at line 73.
    Found 10-bit register for signal <CurrentX>.
    Found 10-bit subtractor for signal <CurrentX$addsub0000> created at line 134.
    Found 10-bit subtractor for signal <CurrentX$sub0000> created at line 134.
    Found 9-bit register for signal <CurrentY>.
    Found 9-bit subtractor for signal <CurrentY$addsub0000> created at line 142.
    Found 9-bit subtractor for signal <CurrentY$sub0000> created at line 142.
    Found 10-bit up counter for signal <CurVPos>.
    Found 10-bit comparator greatequal for signal <CurVPos$cmp_ge0000> created at line 79.
    Found 10-bit comparator less for signal <CurVPos$cmp_lt0000> created at line 73.
    Found 1-bit register for signal <HBlank_reg>.
    Found 10-bit comparator greatequal for signal <HBlank_reg$cmp_ge0000> created at line 108.
    Found 10-bit comparator less for signal <HBlank_reg$cmp_lt0000> created at line 108.
    Found 1-bit register for signal <HS>.
    Found 10-bit comparator less for signal <HS$cmp_lt0000> created at line 94.
    Found 1-bit register for signal <VBlank_reg>.
    Found 10-bit comparator greatequal for signal <VBlank_reg$cmp_ge0000> created at line 115.
    Found 10-bit comparator less for signal <VBlank_reg$cmp_lt0000> created at line 115.
    Found 1-bit register for signal <VS>.
    Found 10-bit comparator less for signal <VS$cmp_lt0000> created at line 101.
    Summary:
	inferred   2 Counter(s).
	inferred  24 D-type flip-flop(s).
	inferred   4 Adder/Subtractor(s).
	inferred   9 Comparator(s).
Unit <vga_driver> synthesized.


Synthesizing Unit <map_generator>.
    Related source file is "map.v".
WARNING:Xst:647 - Input <reset> is never used. This port will be preserved and left unconnected if it belongs to a top-level block or it belongs to a sub-block and the hierarchy of this sub-block is preserved.
WARNING:Xst:653 - Signal <hallwayRight> is used but never assigned. This sourceless signal will be automatically connected to value 00000000.
WARNING:Xst:653 - Signal <blackKeyRoom> is used but never assigned. This sourceless signal will be automatically connected to value 00000000.
    Found 8-bit register for signal <mColor>.
    Summary:
	inferred   8 D-type flip-flop(s).
Unit <map_generator> synthesized.


Synthesizing Unit <main>.
    Related source file is "main.v".
WARNING:Xst:647 - Input <SWITCH<2:0>> is never used. This port will be preserved and left unconnected if it belongs to a top-level block or it belongs to a sub-block and the hierarchy of this sub-block is preserved.
WARNING:Xst:653 - Signal <grundleMapY> is used but never assigned. This sourceless signal will be automatically connected to value 0010.
WARNING:Xst:653 - Signal <grundleMapX> is used but never assigned. This sourceless signal will be automatically connected to value 0001.
    Using one-hot encoding for signal <dragState>.
    Found 12-bit subtractor for signal <$sub0000> created at line 272.
    Found 12-bit subtractor for signal <$sub0001> created at line 272.
    Found 11-bit subtractor for signal <$sub0002> created at line 272.
    Found 12-bit subtractor for signal <$sub0003> created at line 308.
    Found 12-bit subtractor for signal <$sub0004> created at line 308.
    Found 12-bit subtractor for signal <$sub0005> created at line 308.
    Found 11-bit subtractor for signal <$sub0006> created at line 308.
    Found 11-bit subtractor for signal <$sub0007> created at line 308.
    Found 11-bit subtractor for signal <$sub0008> created at line 360.
    Found 11-bit subtractor for signal <$sub0009> created at line 360.
    Found 11-bit subtractor for signal <$sub0010> created at line 489.
    Found 12-bit subtractor for signal <$sub0011> created at line 489.
    Found 12-bit subtractor for signal <$sub0012> created at line 489.
    Found 11-bit subtractor for signal <$sub0013> created at line 509.
    Found 12-bit subtractor for signal <$sub0014> created at line 509.
    Found 9-bit adder carry out for signal <add0000$addsub0000> created at line 272.
    Found 9-bit adder carry out for signal <add0001$addsub0000> created at line 308.
    Found 9-bit adder carry out for signal <add0002$addsub0000> created at line 308.
    Found 9-bit adder carry out for signal <add0003$addsub0000> created at line 308.
    Found 9-bit adder carry out for signal <add0004$addsub0000> created at line 308.
    Found 9-bit adder carry out for signal <add0005$addsub0000> created at line 308.
    Found 9-bit adder carry out for signal <add0006$addsub0000> created at line 308.
    Found 9-bit adder carry out for signal <add0007$addsub0000> created at line 308.
    Found 9-bit adder carry out for signal <add0008$addsub0000> created at line 308.
    Found 9-bit adder carry out for signal <add0009$addsub0000> created at line 308.
    Found 9-bit adder carry out for signal <add0010$addsub0000> created at line 308.
    Found 9-bit adder carry out for signal <add0011$addsub0000> created at line 308.
    Found 9-bit adder carry out for signal <add0012$addsub0000> created at line 308.
    Found 10-bit adder carry out for signal <add0013$addsub0000> created at line 308.
    Found 9-bit adder carry out for signal <add0014$addsub0000> created at line 308.
    Found 10-bit adder carry out for signal <add0015$addsub0000> created at line 308.
    Found 9-bit adder carry out for signal <add0016$addsub0000> created at line 308.
    Found 9-bit adder carry out for signal <add0017$addsub0000> created at line 308.
    Found 10-bit adder carry out for signal <add0018$addsub0000> created at line 308.
    Found 9-bit adder carry out for signal <add0019$addsub0000> created at line 308.
    Found 10-bit adder carry out for signal <add0020$addsub0000> created at line 308.
    Found 10-bit adder carry out for signal <add0021$addsub0000> created at line 308.
    Found 9-bit adder carry out for signal <add0022$addsub0000> created at line 360.
    Found 9-bit adder carry out for signal <add0023$addsub0000> created at line 408.
    Found 10-bit adder carry out for signal <add0024$addsub0000> created at line 454.
    Found 9-bit adder carry out for signal <add0025$addsub0000> created at line 454.
    Found 10-bit adder carry out for signal <add0026$addsub0000> created at line 454.
    Found 9-bit adder carry out for signal <add0027$addsub0000> created at line 454.
    Found 9-bit adder carry out for signal <add0028$addsub0000> created at line 454.
    Found 9-bit adder carry out for signal <add0029$addsub0000> created at line 454.
    Found 10-bit adder carry out for signal <add0030$addsub0000> created at line 454.
    Found 9-bit adder carry out for signal <add0031$addsub0000> created at line 454.
    Found 10-bit adder carry out for signal <add0032$addsub0000> created at line 454.
    Found 10-bit adder carry out for signal <add0033$addsub0000> created at line 454.
    Found 10-bit adder carry out for signal <add0034$addsub0000> created at line 454.
    Found 10-bit adder carry out for signal <add0035$addsub0000> created at line 454.
    Found 10-bit adder carry out for signal <add0036$addsub0000> created at line 454.
    Found 9-bit adder carry out for signal <add0037$addsub0000> created at line 489.
    Found 9-bit adder carry out for signal <add0038$addsub0000> created at line 509.
    Found 10-bit adder carry out for signal <add0039$addsub0000> created at line 509.
    Found 1-bit register for signal <collision>.
    Found 8-bit comparator equal for signal <collision$cmp_eq0000> created at line 512.
    Found 10-bit comparator greatequal for signal <collision$cmp_ge0000> created at line 509.
    Found 11-bit comparator greatequal for signal <collision$cmp_ge0001> created at line 509.
    Found 10-bit comparator greater for signal <collision$cmp_gt0000> created at line 512.
    Found 10-bit comparator less for signal <collision$cmp_lt0000> created at line 512.
    Found 8-bit register for signal <color>.
    Found 12-bit comparator greatequal for signal <color_7$cmp_ge0000> created at line 308.
    Found 9-bit comparator greatequal for signal <color_7$cmp_ge0001> created at line 308.
    Found 10-bit comparator greatequal for signal <color_7$cmp_ge0002> created at line 308.
    Found 10-bit comparator greatequal for signal <color_7$cmp_ge0003> created at line 308.
    Found 12-bit comparator greatequal for signal <color_7$cmp_ge0004> created at line 308.
    Found 10-bit comparator greatequal for signal <color_7$cmp_ge0005> created at line 308.
    Found 10-bit comparator greatequal for signal <color_7$cmp_ge0006> created at line 308.
    Found 12-bit comparator greatequal for signal <color_7$cmp_ge0007> created at line 308.
    Found 10-bit comparator greatequal for signal <color_7$cmp_ge0008> created at line 308.
    Found 10-bit comparator greatequal for signal <color_7$cmp_ge0009> created at line 308.
    Found 10-bit comparator greatequal for signal <color_7$cmp_ge0010> created at line 308.
    Found 10-bit comparator greatequal for signal <color_7$cmp_ge0011> created at line 308.
    Found 10-bit comparator greatequal for signal <color_7$cmp_ge0012> created at line 308.
    Found 11-bit comparator greatequal for signal <color_7$cmp_ge0013> created at line 308.
    Found 11-bit comparator greatequal for signal <color_7$cmp_ge0014> created at line 308.
    Found 10-bit comparator greatequal for signal <color_7$cmp_ge0015> created at line 308.
    Found 11-bit comparator greatequal for signal <color_7$cmp_ge0016> created at line 308.
    Found 11-bit comparator greatequal for signal <color_7$cmp_ge0017> created at line 308.
    Found 10-bit comparator greatequal for signal <color_7$cmp_ge0018> created at line 308.
    Found 11-bit comparator greatequal for signal <color_7$cmp_ge0019> created at line 308.
    Found 11-bit comparator greatequal for signal <color_7$cmp_ge0020> created at line 308.
    Found 11-bit comparator greatequal for signal <color_7$cmp_ge0021> created at line 360.
    Found 11-bit comparator greatequal for signal <color_7$cmp_ge0022> created at line 360.
    Found 10-bit comparator greatequal for signal <color_7$cmp_ge0023> created at line 360.
    Found 10-bit comparator greatequal for signal <color_7$cmp_ge0024> created at line 360.
    Found 10-bit comparator greatequal for signal <color_7$cmp_ge0025> created at line 360.
    Found 10-bit comparator greatequal for signal <color_7$cmp_ge0026> created at line 408.
    Found 10-bit comparator greatequal for signal <color_7$cmp_ge0027> created at line 454.
    Found 9-bit comparator greatequal for signal <color_7$cmp_ge0028> created at line 454.
    Found 11-bit comparator greatequal for signal <color_7$cmp_ge0029> created at line 454.
    Found 10-bit comparator greatequal for signal <color_7$cmp_ge0030> created at line 454.
    Found 10-bit comparator greatequal for signal <color_7$cmp_ge0031> created at line 454.
    Found 11-bit comparator greatequal for signal <color_7$cmp_ge0032> created at line 454.
    Found 10-bit comparator greatequal for signal <color_7$cmp_ge0033> created at line 454.
    Found 11-bit comparator greatequal for signal <color_7$cmp_ge0034> created at line 454.
    Found 11-bit comparator greatequal for signal <color_7$cmp_ge0035> created at line 454.
    Found 11-bit comparator greatequal for signal <color_7$cmp_ge0036> created at line 454.
    Found 11-bit comparator greatequal for signal <color_7$cmp_ge0037> created at line 454.
    Found 11-bit comparator greatequal for signal <color_7$cmp_ge0038> created at line 454.
    Found 11-bit comparator greatequal for signal <color_7$cmp_ge0039> created at line 489.
    Found 12-bit comparator greatequal for signal <color_7$cmp_ge0040> created at line 489.
    Found 11-bit comparator greatequal for signal <color_7$cmp_ge0041> created at line 489.
    Found 12-bit comparator greatequal for signal <color_7$cmp_ge0042> created at line 489.
    Found 12-bit comparator greatequal for signal <color_7$cmp_ge0043> created at line 489.
    Found 10-bit comparator greatequal for signal <color_7$cmp_ge0044> created at line 489.
    Found 10-bit comparator lessequal for signal <color_7$cmp_le0000> created at line 308.
    Found 10-bit comparator lessequal for signal <color_7$cmp_le0001> created at line 308.
    Found 10-bit comparator lessequal for signal <color_7$cmp_le0002> created at line 308.
    Found 10-bit comparator lessequal for signal <color_7$cmp_le0003> created at line 308.
    Found 10-bit comparator lessequal for signal <color_7$cmp_le0004> created at line 308.
    Found 10-bit comparator lessequal for signal <color_7$cmp_le0005> created at line 308.
    Found 10-bit comparator lessequal for signal <color_7$cmp_le0006> created at line 308.
    Found 9-bit comparator lessequal for signal <color_7$cmp_le0007> created at line 308.
    Found 10-bit comparator lessequal for signal <color_7$cmp_le0008> created at line 308.
    Found 10-bit comparator lessequal for signal <color_7$cmp_le0009> created at line 308.
    Found 10-bit comparator lessequal for signal <color_7$cmp_le0010> created at line 308.
    Found 11-bit comparator lessequal for signal <color_7$cmp_le0011> created at line 360.
    Found 10-bit comparator lessequal for signal <color_7$cmp_le0012> created at line 360.
    Found 11-bit comparator lessequal for signal <color_7$cmp_le0013> created at line 360.
    Found 10-bit comparator lessequal for signal <color_7$cmp_le0014> created at line 360.
    Found 10-bit comparator lessequal for signal <color_7$cmp_le0015> created at line 360.
    Found 11-bit comparator lessequal for signal <color_7$cmp_le0016> created at line 360.
    Found 10-bit comparator lessequal for signal <color_7$cmp_le0017> created at line 360.
    Found 10-bit comparator lessequal for signal <color_7$cmp_le0018> created at line 408.
    Found 10-bit comparator lessequal for signal <color_7$cmp_le0019> created at line 408.
    Found 10-bit comparator lessequal for signal <color_7$cmp_le0020> created at line 408.
    Found 10-bit comparator lessequal for signal <color_7$cmp_le0021> created at line 454.
    Found 10-bit comparator lessequal for signal <color_7$cmp_le0022> created at line 454.
    Found 10-bit comparator lessequal for signal <color_7$cmp_le0023> created at line 454.
    Found 10-bit comparator lessequal for signal <color_7$cmp_le0024> created at line 454.
    Found 12-bit comparator lessequal for signal <color_7$cmp_le0025> created at line 489.
    Found 12-bit comparator lessequal for signal <color_7$cmp_le0026> created at line 489.
    Found 10-bit comparator lessequal for signal <color_7$cmp_le0027> created at line 489.
    Found 12-bit comparator less for signal <color_7$cmp_lt0000> created at line 308.
    Found 12-bit comparator less for signal <color_7$cmp_lt0001> created at line 308.
    Found 10-bit comparator less for signal <color_7$cmp_lt0002> created at line 308.
    Found 11-bit comparator less for signal <color_7$cmp_lt0003> created at line 308.
    Found 11-bit comparator less for signal <color_7$cmp_lt0004> created at line 308.
    Found 11-bit comparator less for signal <color_7$cmp_lt0005> created at line 308.
    Found 11-bit comparator less for signal <color_7$cmp_lt0006> created at line 308.
    Found 11-bit comparator less for signal <color_7$cmp_lt0007> created at line 308.
    Found 11-bit comparator less for signal <color_7$cmp_lt0008> created at line 454.
    Found 11-bit comparator less for signal <color_7$cmp_lt0009> created at line 454.
    Found 11-bit comparator less for signal <color_7$cmp_lt0010> created at line 454.
    Found 11-bit comparator less for signal <color_7$cmp_lt0011> created at line 454.
    Found 11-bit comparator less for signal <color_7$cmp_lt0012> created at line 454.
    Found 11-bit comparator less for signal <color_7$cmp_lt0013> created at line 454.
    Found 11-bit comparator less for signal <color_7$cmp_lt0014> created at line 454.
    Found 11-bit comparator less for signal <color_7$cmp_lt0015> created at line 454.
    Found 11-bit comparator less for signal <color_7$cmp_lt0016> created at line 489.
    Found 9-bit comparator less for signal <color_7$cmp_lt0017> created at line 489.
    Found 10-bit comparator less for signal <color_7$cmp_lt0018> created at line 489.
    Found 10-bit comparator less for signal <color_7$cmp_lt0019> created at line 489.
    Found 10-bit comparator less for signal <color_7$cmp_lt0020> created at line 489.
    Found 10-bit comparator less for signal <color_7$cmp_lt0021> created at line 509.
    Found 11-bit comparator less for signal <color_7$cmp_lt0022> created at line 509.
    Found 11-bit comparator less for signal <color_7$cmp_lt0023> created at line 509.
    Found 12-bit comparator less for signal <color_7$cmp_lt0024> created at line 509.
    Found 16-bit up counter for signal <counter>.
    Found 3-bit register for signal <dragState>.
    Found 10-bit comparator equal for signal <dragState$cmp_eq0000> created at line 253.
    Found 9-bit comparator equal for signal <dragState$cmp_eq0001> created at line 253.
    Found 10-bit updown counter for signal <grundleX>.
    Found 10-bit comparator greatequal for signal <grundleX$cmp_ge0000> created at line 249.
    Found 10-bit comparator lessequal for signal <grundleX$cmp_le0000> created at line 245.
    Found 10-bit comparator less for signal <grundleX$cmp_lt0000> created at line 249.
    Found 9-bit updown counter for signal <grundleY>.
    Found 9-bit comparator greatequal for signal <grundleY$cmp_ge0000> created at line 251.
    Found 9-bit comparator lessequal for signal <grundleY$cmp_le0000> created at line 247.
    Found 9-bit comparator less for signal <grundleY$cmp_lt0000> created at line 251.
    Found 1-bit register for signal <itemGet>.
    Found 12-bit comparator greatequal for signal <itemGet$cmp_ge0000> created at line 272.
    Found 10-bit comparator greatequal for signal <itemGet$cmp_ge0001> created at line 272.
    Found 12-bit comparator lessequal for signal <itemGet$cmp_le0000> created at line 272.
    Found 11-bit comparator lessequal for signal <itemGet$cmp_le0001> created at line 272.
    Found 4-bit register for signal <mapX>.
    Found 4-bit addsub for signal <mapX$share0000>.
    Found 4-bit register for signal <mapY>.
    Found 4-bit addsub for signal <mapY$share0000>.
    Found 8-bit register for signal <playerColor>.
    Found 4-bit comparator lessequal for signal <playerColor_3$cmp_le0000> created at line 199.
    Found 4-bit comparator less for signal <playerColor_3$cmp_lt0000> created at line 220.
    Found 10-bit register for signal <playerPosX>.
    Found 10-bit comparator greatequal for signal <playerPosX$cmp_ge0000> created at line 109.
    Found 9-bit comparator greatequal for signal <playerPosX$cmp_ge0001> created at line 167.
    Found 10-bit comparator greater for signal <playerPosX$cmp_gt0000> created at line 175.
    Found 9-bit comparator greater for signal <playerPosX$cmp_gt0001> created at line 171.
    Found 10-bit comparator lessequal for signal <playerPosX$cmp_le0000> created at line 133.
    Found 9-bit comparator lessequal for signal <playerPosX$cmp_le0001> created at line 171.
    Found 9-bit comparator less for signal <playerPosX$cmp_lt0000> created at line 167.
    Found 10-bit comparator less for signal <playerPosX$cmp_lt0001> created at line 145.
    Found 10-bit addsub for signal <playerPosX$share0000>.
    Found 9-bit register for signal <playerPosY>.
    Found 9-bit addsub for signal <playerPosY$share0000>.
    Found 10-bit register for signal <swordX>.
    Found 10-bit adder for signal <swordX$add0000> created at line 278.
    Found 9-bit register for signal <swordY>.
    Found 1-bit register for signal <turn>.
    Found 16-bit comparator less for signal <turn$cmp_lt0000> created at line 90.
    Summary:
	inferred   3 Counter(s).
	inferred  68 D-type flip-flop(s).
	inferred  60 Adder/Subtractor(s).
	inferred 126 Comparator(s).
Unit <main> synthesized.

INFO:Xst:1767 - HDL ADVISOR - Resource sharing has identified that some arithmetic operations in this design can share the same physical resources for reduced device utilization. For improved clock frequency you may try to disable resource sharing.

=========================================================================
HDL Synthesis Report

Macro Statistics
# Adders/Subtractors                                   : 64
 10-bit adder                                          : 1
 10-bit adder carry out                                : 14
 10-bit addsub                                         : 1
 10-bit subtractor                                     : 2
 11-bit subtractor                                     : 7
 12-bit subtractor                                     : 8
 4-bit addsub                                          : 2
 9-bit adder carry out                                 : 26
 9-bit addsub                                          : 1
 9-bit subtractor                                      : 2
# Counters                                             : 5
 10-bit up counter                                     : 2
 10-bit updown counter                                 : 1
 16-bit up counter                                     : 1
 9-bit updown counter                                  : 1
# Registers                                            : 44
 1-bit register                                        : 25
 10-bit register                                       : 3
 3-bit register                                        : 1
 4-bit register                                        : 2
 8-bit register                                        : 10
 9-bit register                                        : 3
# Comparators                                          : 383
 10-bit comparator equal                               : 1
 10-bit comparator greatequal                          : 124
 10-bit comparator greater                             : 3
 10-bit comparator less                                : 19
 10-bit comparator lessequal                           : 123
 11-bit comparator greatequal                          : 18
 11-bit comparator less                                : 16
 11-bit comparator lessequal                           : 4
 12-bit comparator greatequal                          : 7
 12-bit comparator less                                : 3
 12-bit comparator lessequal                           : 3
 16-bit comparator less                                : 1
 4-bit comparator less                                 : 1
 4-bit comparator lessequal                            : 1
 8-bit comparator equal                                : 1
 9-bit comparator equal                                : 1
 9-bit comparator greatequal                           : 25
 9-bit comparator greater                              : 1
 9-bit comparator less                                 : 9
 9-bit comparator lessequal                            : 22

=========================================================================

=========================================================================
*                       Advanced HDL Synthesis                          *
=========================================================================


=========================================================================
Advanced HDL Synthesis Report

Macro Statistics
# Adders/Subtractors                                   : 64
 10-bit adder                                          : 1
 10-bit adder carry out                                : 14
 10-bit addsub                                         : 1
 10-bit subtractor                                     : 2
 11-bit subtractor                                     : 7
 12-bit subtractor                                     : 8
 4-bit addsub                                          : 2
 9-bit adder carry out                                 : 26
 9-bit addsub                                          : 1
 9-bit subtractor                                      : 2
# Counters                                             : 5
 10-bit up counter                                     : 2
 10-bit updown counter                                 : 1
 16-bit up counter                                     : 1
 9-bit updown counter                                  : 1
# Registers                                            : 173
 Flip-Flops                                            : 173
# Comparators                                          : 383
 10-bit comparator equal                               : 1
 10-bit comparator greatequal                          : 124
 10-bit comparator greater                             : 3
 10-bit comparator less                                : 19
 10-bit comparator lessequal                           : 123
 11-bit comparator greatequal                          : 18
 11-bit comparator less                                : 16
 11-bit comparator lessequal                           : 4
 12-bit comparator greatequal                          : 7
 12-bit comparator less                                : 3
 12-bit comparator lessequal                           : 3
 16-bit comparator less                                : 1
 4-bit comparator less                                 : 1
 4-bit comparator lessequal                            : 1
 8-bit comparator equal                                : 1
 9-bit comparator equal                                : 1
 9-bit comparator greatequal                           : 25
 9-bit comparator greater                              : 1
 9-bit comparator less                                 : 9
 9-bit comparator lessequal                            : 22

=========================================================================

=========================================================================
*                         Low Level Synthesis                           *
=========================================================================

Optimizing unit <main> ...

Optimizing unit <vga_driver> ...

Optimizing unit <map_generator> ...

Mapping all equations...
Building and optimizing final netlist ...
Found area constraint ratio of 100 (+ 5) on block main, actual ratio is 116.
Optimizing block <main> to meet ratio 100 (+ 5) of 960 slices :
Area constraint is met for block <main>, final ratio is 103.

Final Macro Processing ...

=========================================================================
Final Register Report

Macro Statistics
# Registers                                            : 228
 Flip-Flops                                            : 228

=========================================================================

=========================================================================
*                           Partition Report                            *
=========================================================================

Partition Implementation Status
-------------------------------

  No Partitions were found in this design.

-------------------------------

=========================================================================
*                            Final Report                               *
=========================================================================
Final Results
RTL Top Level Output File Name     : main.ngr
Top Level Output File Name         : main
Output Format                      : NGC
Optimization Goal                  : Speed
Keep Hierarchy                     : No

Design Statistics
# IOs                              : 19

Cell Usage :
# BELS                             : 3034
#      GND                         : 1
#      INV                         : 41
#      LUT1                        : 52
#      LUT2                        : 620
#      LUT2_D                      : 10
#      LUT2_L                      : 6
#      LUT3                        : 331
#      LUT3_D                      : 18
#      LUT3_L                      : 9
#      LUT4                        : 697
#      LUT4_D                      : 37
#      LUT4_L                      : 27
#      MUXCY                       : 1047
#      MUXF5                       : 21
#      VCC                         : 1
#      XORCY                       : 116
# FlipFlops/Latches                : 228
#      FD                          : 30
#      FDE                         : 20
#      FDE_1                       : 1
#      FDR                         : 55
#      FDRE                        : 40
#      FDS                         : 62
#      FDSE                        : 20
# Clock Buffers                    : 3
#      BUFG                        : 2
#      BUFGP                       : 1
# IO Buffers                       : 15
#      IBUF                        : 5
#      OBUF                        : 10
=========================================================================

Device utilization summary:
---------------------------

Selected Device : 3s100ecp132-5 

 Number of Slices:                      977  out of    960   101% (*) 
 Number of Slice Flip Flops:            228  out of   1920    11%  
 Number of 4 input LUTs:               1848  out of   1920    96%  
 Number of IOs:                          19
 Number of bonded IOBs:                  16  out of     83    19%  
 Number of GCLKs:                         3  out of     24    12%  

WARNING:Xst:1336 -  (*) More than 100% of Device resources are used

---------------------------
Partition Resource Summary:
---------------------------

  No Partitions were found in this design.

---------------------------


=========================================================================
TIMING REPORT

NOTE: THESE TIMING NUMBERS ARE ONLY A SYNTHESIS ESTIMATE.
      FOR ACCURATE TIMING INFORMATION PLEASE REFER TO THE TRACE REPORT
      GENERATED AFTER PLACE-and-ROUTE.

Clock Information:
------------------
-----------------------------------+------------------------+-------+
Clock Signal                       | Clock buffer(FF name)  | Load  |
-----------------------------------+------------------------+-------+
vga/clk_div/clk_out1               | BUFG                   | 150   |
turn1                              | BUFG                   | 77    |
clk_50MHz                          | BUFGP                  | 1     |
-----------------------------------+------------------------+-------+

Asynchronous Control Signals Information:
----------------------------------------
No asynchronous control signals found in this design

Timing Summary:
---------------
Speed Grade: -5

   Minimum period: 21.284ns (Maximum Frequency: 46.983MHz)
   Minimum input arrival time before clock: 5.437ns
   Maximum output required time after clock: 5.364ns
   Maximum combinational path delay: No path found

Timing Detail:
--------------
All values displayed in nanoseconds (ns)

=========================================================================
Timing constraint: Default period analysis for Clock 'vga/clk_div/clk_out1'
  Clock period: 21.284ns (frequency: 46.983MHz)
  Total number of paths / destination ports: 55938 / 233
-------------------------------------------------------------------------
Delay:               10.642ns (Levels of Logic = 17)
  Source:            vga/CurrentY_0 (FF)
  Destination:       color_7 (FF)
  Source Clock:      vga/clk_div/clk_out1 rising
  Destination Clock: vga/clk_div/clk_out1 falling

  Data Path: vga/CurrentY_0 to color_7
                                Gate     Net
    Cell:in->out      fanout   Delay   Delay  Logical Name (Net Name)
    ----------------------------------------  ------------
     FDR:C->Q             55   0.514   1.148  vga/CurrentY_0 (vga/CurrentY_0)
     LUT2:I1->O            1   0.612   0.000  Mcompar_color_7_cmp_le0014_lut<0> (Mcompar_color_7_cmp_le0014_lut<0>)
     MUXCY:S->O            1   0.404   0.000  Mcompar_color_7_cmp_le0014_cy<0> (Mcompar_color_7_cmp_le0014_cy<0>)
     MUXCY:CI->O           1   0.051   0.000  Mcompar_color_7_cmp_le0014_cy<1> (Mcompar_color_7_cmp_le0014_cy<1>)
     MUXCY:CI->O           1   0.051   0.000  Mcompar_color_7_cmp_le0014_cy<2> (Mcompar_color_7_cmp_le0014_cy<2>)
     MUXCY:CI->O           1   0.051   0.000  Mcompar_color_7_cmp_le0014_cy<3> (Mcompar_color_7_cmp_le0014_cy<3>)
     MUXCY:CI->O           1   0.051   0.000  Mcompar_color_7_cmp_le0014_cy<4> (Mcompar_color_7_cmp_le0014_cy<4>)
     MUXCY:CI->O           1   0.051   0.000  Mcompar_color_7_cmp_le0014_cy<5> (Mcompar_color_7_cmp_le0014_cy<5>)
     MUXCY:CI->O           1   0.051   0.000  Mcompar_color_7_cmp_le0014_cy<6> (Mcompar_color_7_cmp_le0014_cy<6>)
     MUXCY:CI->O           1   0.051   0.000  Mcompar_color_7_cmp_le0014_cy<7> (Mcompar_color_7_cmp_le0014_cy<7>)
     MUXCY:CI->O           1   0.051   0.000  Mcompar_color_7_cmp_le0014_cy<8> (Mcompar_color_7_cmp_le0014_cy<8>)
     MUXCY:CI->O           5   0.399   0.690  Mcompar_color_7_cmp_le0014_cy<9> (color_7_cmp_le0014)
     LUT4:I0->O            1   0.612   0.426  color_7_and0072135 (color_7_and0072135)
     LUT4:I1->O            1   0.612   0.360  color_7_and0072143 (color_7_and0072143)
     LUT4_L:I3->LO         1   0.612   0.103  color_7_and0072148 (color_7_and0072148)
     LUT4:I3->O            1   0.612   0.360  color_7_and0072160 (color_7_and0072160)
     LUT4_D:I3->LO         1   0.612   0.103  color_7_and0072183 (N355)
     LUT4:I3->O            8   0.612   0.643  color_7_or00001 (color_7_or0000)
     FDR:R                     0.795          color_7
    ----------------------------------------
    Total                     10.642ns (6.809ns logic, 3.834ns route)
                                       (64.0% logic, 36.0% route)

=========================================================================
Timing constraint: Default period analysis for Clock 'turn1'
  Clock period: 9.193ns (frequency: 108.774MHz)
  Total number of paths / destination ports: 10238 / 151
-------------------------------------------------------------------------
Delay:               9.193ns (Levels of Logic = 8)
  Source:            playerPosY_7 (FF)
  Destination:       mapY_1 (FF)
  Source Clock:      turn1 rising
  Destination Clock: turn1 rising

  Data Path: playerPosY_7 to mapY_1
                                Gate     Net
    Cell:in->out      fanout   Delay   Delay  Logical Name (Net Name)
    ----------------------------------------  ------------
     FDRE:C->Q            13   0.514   0.988  playerPosY_7 (playerPosY_7)
     LUT4:I0->O            1   0.612   0.000  playerPosX_cmp_le00012331 (playerPosX_cmp_le00012331)
     MUXF5:I0->O           5   0.278   0.607  playerPosX_cmp_le0001233_f5 (playerPosX_cmp_le0001233)
     LUT4:I1->O           14   0.612   0.880  mapX_and00011 (mapX_and0001)
     LUT4:I2->O           15   0.612   0.867  mapY_mux0000<1>31 (N16)
     LUT4:I3->O            3   0.612   0.481  mapY_mux0000<1>11 (N5)
     LUT4:I2->O            1   0.612   0.000  mapY_mux0000<2>9_F (N262)
     MUXF5:I0->O           1   0.278   0.360  mapY_mux0000<2>9 (mapY_mux0000<2>9)
     LUT4:I3->O            1   0.612   0.000  mapY_mux0000<2>67 (mapY_mux0000<2>)
     FDRE:D                    0.268          mapY_1
    ----------------------------------------
    Total                      9.193ns (5.010ns logic, 4.183ns route)
                                       (54.5% logic, 45.5% route)

=========================================================================
Timing constraint: Default period analysis for Clock 'clk_50MHz'
  Clock period: 2.131ns (frequency: 469.274MHz)
  Total number of paths / destination ports: 1 / 1
-------------------------------------------------------------------------
Delay:               2.131ns (Levels of Logic = 1)
  Source:            vga/clk_div/clk_out (FF)
  Destination:       vga/clk_div/clk_out (FF)
  Source Clock:      clk_50MHz rising
  Destination Clock: clk_50MHz rising

  Data Path: vga/clk_div/clk_out to vga/clk_div/clk_out
                                Gate     Net
    Cell:in->out      fanout   Delay   Delay  Logical Name (Net Name)
    ----------------------------------------  ------------
     FD:C->Q               2   0.514   0.380  vga/clk_div/clk_out (vga/clk_div/clk_out1)
     INV:I->O              1   0.612   0.357  vga/clk_div/clk_out_LUT1_INV_0 (vga/clk_div/clk_out_LUT1)
     FD:D                      0.268          vga/clk_div/clk_out
    ----------------------------------------
    Total                      2.131ns (1.394ns logic, 0.737ns route)
                                       (65.4% logic, 34.6% route)

=========================================================================
Timing constraint: Default OFFSET IN BEFORE for Clock 'turn1'
  Total number of paths / destination ports: 217 / 88
-------------------------------------------------------------------------
Offset:              5.437ns (Levels of Logic = 12)
  Source:            BUTTON<2> (PAD)
  Destination:       playerPosY_8 (FF)
  Destination Clock: turn1 rising

  Data Path: BUTTON<2> to playerPosY_8
                                Gate     Net
    Cell:in->out      fanout   Delay   Delay  Logical Name (Net Name)
    ----------------------------------------  ------------
     IBUF:I->O            11   1.106   0.862  BUTTON_2_IBUF (BUTTON_2_IBUF)
     LUT4:I1->O            1   0.612   0.357  playerPosY_mux00022 (playerPosY_mux0002)
     MUXCY:CI->O           1   0.052   0.000  Maddsub_playerPosY_share0000_cy<0> (Maddsub_playerPosY_share0000_cy<0>)
     MUXCY:CI->O           1   0.052   0.000  Maddsub_playerPosY_share0000_cy<1> (Maddsub_playerPosY_share0000_cy<1>)
     MUXCY:CI->O           1   0.052   0.000  Maddsub_playerPosY_share0000_cy<2> (Maddsub_playerPosY_share0000_cy<2>)
     MUXCY:CI->O           1   0.052   0.000  Maddsub_playerPosY_share0000_cy<3> (Maddsub_playerPosY_share0000_cy<3>)
     MUXCY:CI->O           1   0.052   0.000  Maddsub_playerPosY_share0000_cy<4> (Maddsub_playerPosY_share0000_cy<4>)
     MUXCY:CI->O           1   0.052   0.000  Maddsub_playerPosY_share0000_cy<5> (Maddsub_playerPosY_share0000_cy<5>)
     MUXCY:CI->O           1   0.052   0.000  Maddsub_playerPosY_share0000_cy<6> (Maddsub_playerPosY_share0000_cy<6>)
     MUXCY:CI->O           0   0.052   0.000  Maddsub_playerPosY_share0000_cy<7> (Maddsub_playerPosY_share0000_cy<7>)
     XORCY:CI->O           1   0.699   0.509  Maddsub_playerPosY_share0000_xor<8> (playerPosY_share0000<8>)
     LUT4:I0->O            1   0.612   0.000  playerPosY_mux0000<8>1 (playerPosY_mux0000<8>)
     FDSE:D                    0.268          playerPosY_8
    ----------------------------------------
    Total                      5.437ns (3.709ns logic, 1.728ns route)
                                       (68.2% logic, 31.8% route)

=========================================================================
Timing constraint: Default OFFSET IN BEFORE for Clock 'vga/clk_div/clk_out1'
  Total number of paths / destination ports: 55 / 44
-------------------------------------------------------------------------
Offset:              4.953ns (Levels of Logic = 3)
  Source:            SWITCH<3> (PAD)
  Destination:       vga/HS (FF)
  Destination Clock: vga/clk_div/clk_out1 rising

  Data Path: SWITCH<3> to vga/HS
                                Gate     Net
    Cell:in->out      fanout   Delay   Delay  Logical Name (Net Name)
    ----------------------------------------  ------------
     IBUF:I->O            61   1.106   1.111  SWITCH_3_IBUF (SWITCH_3_IBUF)
     LUT3:I2->O            1   0.612   0.360  vga/HS_not0001_SW0 (N112)
     LUT4:I3->O            1   0.612   0.357  vga/HS_not0001 (vga/HS_not0001)
     FDR:R                     0.795          vga/HS
    ----------------------------------------
    Total                      4.953ns (3.125ns logic, 1.828ns route)
                                       (63.1% logic, 36.9% route)

=========================================================================
Timing constraint: Default OFFSET OUT AFTER for Clock 'vga/clk_div/clk_out1'
  Total number of paths / destination ports: 18 / 10
-------------------------------------------------------------------------
Offset:              5.364ns (Levels of Logic = 2)
  Source:            vga/Blank (FF)
  Destination:       BLUE<1> (PAD)
  Source Clock:      vga/clk_div/clk_out1 rising

  Data Path: vga/Blank to BLUE<1>
                                Gate     Net
    Cell:in->out      fanout   Delay   Delay  Logical Name (Net Name)
    ----------------------------------------  ------------
     FDR:C->Q              8   0.514   0.712  vga/Blank (vga/Blank)
     LUT2:I1->O            1   0.612   0.357  vga/RED<2>1 (RED_2_OBUF)
     OBUF:I->O                 3.169          RED_2_OBUF (RED<2>)
    ----------------------------------------
    Total                      5.364ns (4.295ns logic, 1.069ns route)
                                       (80.1% logic, 19.9% route)

=========================================================================


Total REAL time to Xst completion: 22.00 secs
Total CPU time to Xst completion: 21.32 secs
 
--> 

Total memory usage is 307196 kilobytes

Number of errors   :    0 (   0 filtered)
Number of warnings :    7 (   0 filtered)
Number of infos    :    1 (   0 filtered)

